<?xml version="1.0" encoding="UTF-8"?>
<testng-results ignored="0" total="2" passed="2" failed="0" skipped="0">
  <reporter-output>
  </reporter-output>
  <suite started-at="2025-02-16T09:37:42 CST" name="Suite" finished-at="2025-02-16T09:38:15 CST" duration-ms="32320">
    <groups>
    </groups>
    <test started-at="2025-02-16T09:37:42 CST" name="Test" finished-at="2025-02-16T09:38:15 CST" duration-ms="32320">
      <class name="TheVerra.URLTest">
        <test-method is-config="true" signature="beforeMethod()[pri:0, instance:TheVerra.URLTest@2a4fb17b]" started-at="2025-02-16T09:37:43 CST" name="beforeMethod" finished-at="2025-02-16T09:37:47 CST" duration-ms="4304" status="PASS">
          <reporter-output>
          </reporter-output>
        </test-method> <!-- beforeMethod -->
        <test-method signature="A()[pri:1, instance:TheVerra.URLTest@2a4fb17b]" started-at="2025-02-16T09:37:47 CST" name="A" finished-at="2025-02-16T09:37:57 CST" duration-ms="10404" status="PASS">
          <reporter-output>
          </reporter-output>
        </test-method> <!-- A -->
        <test-method is-config="true" signature="afterMethod()[pri:0, instance:TheVerra.URLTest@2a4fb17b]" started-at="2025-02-16T09:37:57 CST" name="afterMethod" finished-at="2025-02-16T09:38:03 CST" duration-ms="5481" status="PASS">
          <reporter-output>
          </reporter-output>
        </test-method> <!-- afterMethod -->
        <test-method is-config="true" signature="beforeMethod()[pri:0, instance:TheVerra.URLTest@2a4fb17b]" started-at="2025-02-16T09:38:03 CST" name="beforeMethod" finished-at="2025-02-16T09:38:05 CST" duration-ms="2654" status="PASS">
          <reporter-output>
          </reporter-output>
        </test-method> <!-- beforeMethod -->
        <test-method signature="B()[pri:2, instance:TheVerra.URLTest@2a4fb17b]" started-at="2025-02-16T09:38:05 CST" name="B" finished-at="2025-02-16T09:38:14 CST" duration-ms="8931" status="PASS">
          <reporter-output>
          </reporter-output>
        </test-method> <!-- B -->
        <test-method is-config="true" signature="afterMethod()[pri:0, instance:TheVerra.URLTest@2a4fb17b]" started-at="2025-02-16T09:38:14 CST" name="afterMethod" finished-at="2025-02-16T09:38:15 CST" duration-ms="466" status="PASS">
          <reporter-output>
          </reporter-output>
        </test-method> <!-- afterMethod -->
      </class> <!-- TheVerra.URLTest -->
    </test> <!-- Test -->
  </suite> <!-- Suite -->
</testng-results>
