<?xml version="1.0" encoding="UTF-8"?>
<testng-results ignored="0" total="2" passed="2" failed="0" skipped="0">
  <reporter-output>
  </reporter-output>
  <suite started-at="2025-04-25T11:47:43 CDT" name="Suite" finished-at="2025-04-25T11:49:47 CDT" duration-ms="124665">
    <groups>
    </groups>
    <test started-at="2025-04-25T11:47:43 CDT" name="Test" finished-at="2025-04-25T11:49:47 CDT" duration-ms="124665">
      <class name="TheVerra.URLTest">
        <test-method is-config="true" signature="beforeMethod()[pri:0, instance:TheVerra.URLTest@2dc54ad4]" started-at="2025-04-25T11:47:43 CDT" name="beforeMethod" finished-at="2025-04-25T11:48:32 CDT" duration-ms="48759" status="PASS">
          <reporter-output>
          </reporter-output>
        </test-method> <!-- beforeMethod -->
        <test-method signature="A()[pri:1, instance:TheVerra.URLTest@2dc54ad4]" started-at="2025-04-25T11:48:32 CDT" name="A" finished-at="2025-04-25T11:49:04 CDT" duration-ms="32390" status="PASS">
          <reporter-output>
          </reporter-output>
        </test-method> <!-- A -->
        <test-method is-config="true" signature="afterMethod()[pri:0, instance:TheVerra.URLTest@2dc54ad4]" started-at="2025-04-25T11:49:04 CDT" name="afterMethod" finished-at="2025-04-25T11:49:13 CDT" duration-ms="9106" status="PASS">
          <reporter-output>
          </reporter-output>
        </test-method> <!-- afterMethod -->
        <test-method is-config="true" signature="beforeMethod()[pri:0, instance:TheVerra.URLTest@2dc54ad4]" started-at="2025-04-25T11:49:13 CDT" name="beforeMethod" finished-at="2025-04-25T11:49:18 CDT" duration-ms="4404" status="PASS">
          <reporter-output>
          </reporter-output>
        </test-method> <!-- beforeMethod -->
        <test-method signature="B()[pri:2, instance:TheVerra.URLTest@2dc54ad4]" started-at="2025-04-25T11:49:18 CDT" name="B" finished-at="2025-04-25T11:49:45 CDT" duration-ms="27201" status="PASS">
          <reporter-output>
          </reporter-output>
        </test-method> <!-- B -->
        <test-method is-config="true" signature="afterMethod()[pri:0, instance:TheVerra.URLTest@2dc54ad4]" started-at="2025-04-25T11:49:45 CDT" name="afterMethod" finished-at="2025-04-25T11:49:47 CDT" duration-ms="2307" status="PASS">
          <reporter-output>
          </reporter-output>
        </test-method> <!-- afterMethod -->
      </class> <!-- TheVerra.URLTest -->
    </test> <!-- Test -->
  </suite> <!-- Suite -->
</testng-results>
