<?xml version="1.0" encoding="UTF-8"?>
<testng-results ignored="0" total="2" passed="2" failed="0" skipped="0">
  <reporter-output>
  </reporter-output>
  <suite started-at="2025-02-16T09:36:07 CST" name="Suite" finished-at="2025-02-16T09:36:35 CST" duration-ms="28149">
    <groups>
    </groups>
    <test started-at="2025-02-16T09:36:07 CST" name="Test" finished-at="2025-02-16T09:36:35 CST" duration-ms="28149">
      <class name="TheVerra.URLTest">
        <test-method is-config="true" signature="beforeMethod()[pri:0, instance:TheVerra.URLTest@22fcf7ab]" started-at="2025-02-16T09:36:07 CST" name="beforeMethod" finished-at="2025-02-16T09:36:14 CST" duration-ms="6958" status="PASS">
          <reporter-output>
          </reporter-output>
        </test-method> <!-- beforeMethod -->
        <test-method signature="A()[pri:1, instance:TheVerra.URLTest@22fcf7ab]" started-at="2025-02-16T09:36:14 CST" name="A" finished-at="2025-02-16T09:36:23 CST" duration-ms="8856" status="PASS">
          <reporter-output>
          </reporter-output>
        </test-method> <!-- A -->
        <test-method is-config="true" signature="afterMethod()[pri:0, instance:TheVerra.URLTest@22fcf7ab]" started-at="2025-02-16T09:36:23 CST" name="afterMethod" finished-at="2025-02-16T09:36:23 CST" duration-ms="481" status="PASS">
          <reporter-output>
          </reporter-output>
        </test-method> <!-- afterMethod -->
        <test-method is-config="true" signature="beforeMethod()[pri:0, instance:TheVerra.URLTest@22fcf7ab]" started-at="2025-02-16T09:36:23 CST" name="beforeMethod" finished-at="2025-02-16T09:36:26 CST" duration-ms="2381" status="PASS">
          <reporter-output>
          </reporter-output>
        </test-method> <!-- beforeMethod -->
        <test-method signature="B()[pri:2, instance:TheVerra.URLTest@22fcf7ab]" started-at="2025-02-16T09:36:26 CST" name="B" finished-at="2025-02-16T09:36:35 CST" duration-ms="8805" status="PASS">
          <reporter-output>
          </reporter-output>
        </test-method> <!-- B -->
        <test-method is-config="true" signature="afterMethod()[pri:0, instance:TheVerra.URLTest@22fcf7ab]" started-at="2025-02-16T09:36:35 CST" name="afterMethod" finished-at="2025-02-16T09:36:35 CST" duration-ms="522" status="PASS">
          <reporter-output>
          </reporter-output>
        </test-method> <!-- afterMethod -->
      </class> <!-- TheVerra.URLTest -->
    </test> <!-- Test -->
  </suite> <!-- Suite -->
</testng-results>
