<?xml version="1.0" encoding="UTF-8"?>
<testng-results ignored="0" total="1" passed="1" failed="0" skipped="0">
  <reporter-output>
  </reporter-output>
  <suite started-at="2025-05-26T14:48:59 CDT" name="Default suite" finished-at="2025-05-26T14:51:47 CDT" duration-ms="168098">
    <groups>
    </groups>
    <test started-at="2025-05-26T14:48:59 CDT" name="Default test" finished-at="2025-05-26T14:51:47 CDT" duration-ms="168098">
      <class name="Latest.VerraViews">
        <test-method signature="A()[pri:0, instance:Latest.VerraViews@131ef10]" started-at="2025-05-26T14:48:59 CDT" name="A" finished-at="2025-05-26T14:51:47 CDT" duration-ms="167395" status="PASS">
          <reporter-output>
          </reporter-output>
        </test-method> <!-- A -->
      </class> <!-- Latest.VerraViews -->
    </test> <!-- Default test -->
  </suite> <!-- Default suite -->
</testng-results>
